<?xml version='1.0' encoding='UTF-8'?>
<testsuite hostname="DESKTOP-SNEVOOT" name="SampleFunSuite" tests="1" errors="0" failures="0" skipped="0" time="0.011" timestamp="2021-02-16T15:12:14">
                     <properties>
[...]
</properties>
                     <testcase classname="SampleFunSuite" name="test array methods" time="0.011">
                                                 
                                               </testcase>
                     <system-out><![CDATA[]]></system-out>
                     <system-err><![CDATA[]]></system-err>
                   </testsuite>